{
  "0 debug pnpm:scope": {
    "selected": 1
  },
  "1 error pnpm": {
    "errno": 1,
    "code": "ELIFECYCLE",
    "pkgid": "abebe-beso-bela@0.0.1",
    "stage": "dev",
    "script": "svelte-kit dev",
    "pkgname": "abebe-beso-bela",
    "err": {
      "name": "pnpm",
      "message": "abebe-beso-bela@0.0.1 dev: `svelte-kit dev`\nExit status 1",
      "code": "ELIFECYCLE",
      "stack": "pnpm: abebe-beso-bela@0.0.1 dev: `svelte-kit dev`\nExit status 1\n    at EventEmitter.<anonymous> (C:\\Users\\brada\\AppData\\Roaming\\nvm\\v14.18.3\\node_modules\\pnpm\\dist\\pnpm.cjs:105434:20)\n    at EventEmitter.emit (events.js:400:28)\n    at ChildProcess.<anonymous> (C:\\Users\\brada\\AppData\\Roaming\\nvm\\v14.18.3\\node_modules\\pnpm\\dist\\pnpm.cjs:91983:18)\n    at ChildProcess.emit (events.js:400:28)\n    at maybeClose (internal/child_process.js:1058:16)\n    at Process.ChildProcess._handle.onexit (internal/child_process.js:293:5)"
    }
  },
  "2 warn pnpm:global": " Local package.json exists, but node_modules missing, did you mean to install?"
}